<?xml version="1.0" encoding="UTF-8"?>
<testsuite name="com.my_board_project.springboot.domain.posts.PostsRepositoryTest" tests="1" skipped="0" failures="0" errors="0" timestamp="2022-02-03T13:47:21" hostname="DESKTOP-FERNCT4" time="0.884">
  <properties/>
  <testcase name="BaseTimeEntity_등록" classname="com.my_board_project.springboot.domain.posts.PostsRepositoryTest" time="0.884"/>
  <system-out><![CDATA[22:47:16.301 [Test worker] DEBUG org.springframework.test.context.junit4.SpringJUnit4ClassRunner - SpringJUnit4ClassRunner constructor called with [class com.my_board_project.springboot.domain.posts.PostsRepositoryTest]
22:47:16.307 [Test worker] DEBUG org.springframework.test.context.BootstrapUtils - Instantiating CacheAwareContextLoaderDelegate from class [org.springframework.test.context.cache.DefaultCacheAwareContextLoaderDelegate]
22:47:16.315 [Test worker] DEBUG org.springframework.test.context.BootstrapUtils - Instantiating BootstrapContext using constructor [public org.springframework.test.context.support.DefaultBootstrapContext(java.lang.Class,org.springframework.test.context.CacheAwareContextLoaderDelegate)]
22:47:16.328 [Test worker] DEBUG org.springframework.test.context.BootstrapUtils - Instantiating TestContextBootstrapper for test class [com.my_board_project.springboot.domain.posts.PostsRepositoryTest] from class [org.springframework.boot.test.context.SpringBootTestContextBootstrapper]
22:47:16.344 [Test worker] INFO org.springframework.boot.test.context.SpringBootTestContextBootstrapper - Neither @ContextConfiguration nor @ContextHierarchy found for test class [com.my_board_project.springboot.domain.posts.PostsRepositoryTest], using SpringBootContextLoader
22:47:16.347 [Test worker] DEBUG org.springframework.test.context.support.AbstractContextLoader - Did not detect default resource location for test class [com.my_board_project.springboot.domain.posts.PostsRepositoryTest]: class path resource [com/my_board_project/springboot/domain/posts/PostsRepositoryTest-context.xml] does not exist
22:47:16.347 [Test worker] DEBUG org.springframework.test.context.support.AbstractContextLoader - Did not detect default resource location for test class [com.my_board_project.springboot.domain.posts.PostsRepositoryTest]: class path resource [com/my_board_project/springboot/domain/posts/PostsRepositoryTestContext.groovy] does not exist
22:47:16.347 [Test worker] INFO org.springframework.test.context.support.AbstractContextLoader - Could not detect default resource locations for test class [com.my_board_project.springboot.domain.posts.PostsRepositoryTest]: no resource found for suffixes {-context.xml, Context.groovy}.
22:47:16.348 [Test worker] INFO org.springframework.test.context.support.AnnotationConfigContextLoaderUtils - Could not detect default configuration classes for test class [com.my_board_project.springboot.domain.posts.PostsRepositoryTest]: PostsRepositoryTest does not declare any static, non-private, non-final, nested classes annotated with @Configuration.
22:47:16.378 [Test worker] DEBUG org.springframework.test.context.support.ActiveProfilesUtils - Could not find an 'annotation declaring class' for annotation type [org.springframework.test.context.ActiveProfiles] and class [com.my_board_project.springboot.domain.posts.PostsRepositoryTest]
22:47:16.434 [Test worker] DEBUG org.springframework.context.annotation.ClassPathScanningCandidateComponentProvider - Identified candidate component class: file [C:\Users\wrjan\IdeaProjects\my_board_project\build\classes\java\main\com\my_board_project\springboot\Application.class]
22:47:16.435 [Test worker] INFO org.springframework.boot.test.context.SpringBootTestContextBootstrapper - Found @SpringBootConfiguration com.my_board_project.springboot.Application for test class com.my_board_project.springboot.domain.posts.PostsRepositoryTest
22:47:16.510 [Test worker] DEBUG org.springframework.boot.test.context.SpringBootTestContextBootstrapper - @TestExecutionListeners is not present for class [com.my_board_project.springboot.domain.posts.PostsRepositoryTest]: using defaults.
22:47:16.511 [Test worker] INFO org.springframework.boot.test.context.SpringBootTestContextBootstrapper - Loaded default TestExecutionListener class names from location [META-INF/spring.factories]: [org.springframework.boot.test.autoconfigure.restdocs.RestDocsTestExecutionListener, org.springframework.boot.test.autoconfigure.web.client.MockRestServiceServerResetTestExecutionListener, org.springframework.boot.test.autoconfigure.web.servlet.MockMvcPrintOnlyOnFailureTestExecutionListener, org.springframework.boot.test.autoconfigure.web.servlet.WebDriverTestExecutionListener, org.springframework.boot.test.mock.mockito.MockitoTestExecutionListener, org.springframework.boot.test.mock.mockito.ResetMocksTestExecutionListener, org.springframework.test.context.web.ServletTestExecutionListener, org.springframework.test.context.support.DirtiesContextBeforeModesTestExecutionListener, org.springframework.test.context.support.DependencyInjectionTestExecutionListener, org.springframework.test.context.support.DirtiesContextTestExecutionListener, org.springframework.test.context.transaction.TransactionalTestExecutionListener, org.springframework.test.context.jdbc.SqlScriptsTestExecutionListener]
22:47:16.528 [Test worker] INFO org.springframework.boot.test.context.SpringBootTestContextBootstrapper - Using TestExecutionListeners: [org.springframework.test.context.web.ServletTestExecutionListener@33dc8ac2, org.springframework.test.context.support.DirtiesContextBeforeModesTestExecutionListener@920ba1c, org.springframework.boot.test.mock.mockito.MockitoTestExecutionListener@58e0bab6, org.springframework.boot.test.autoconfigure.SpringBootDependencyInjectionTestExecutionListener@622ad4cf, org.springframework.test.context.support.DirtiesContextTestExecutionListener@3577c8d2, org.springframework.test.context.transaction.TransactionalTestExecutionListener@390b743a, org.springframework.test.context.jdbc.SqlScriptsTestExecutionListener@64e34ca7, org.springframework.boot.test.autoconfigure.restdocs.RestDocsTestExecutionListener@505b7058, org.springframework.boot.test.autoconfigure.web.client.MockRestServiceServerResetTestExecutionListener@5b6103d9, org.springframework.boot.test.autoconfigure.web.servlet.MockMvcPrintOnlyOnFailureTestExecutionListener@39a9162b, org.springframework.boot.test.autoconfigure.web.servlet.WebDriverTestExecutionListener@47d1f3cd, org.springframework.boot.test.mock.mockito.ResetMocksTestExecutionListener@4c0392df]
22:47:16.531 [Test worker] DEBUG org.springframework.test.annotation.ProfileValueUtils - Retrieved @ProfileValueSourceConfiguration [null] for test class [com.my_board_project.springboot.domain.posts.PostsRepositoryTest]
22:47:16.531 [Test worker] DEBUG org.springframework.test.annotation.ProfileValueUtils - Retrieved ProfileValueSource type [class org.springframework.test.annotation.SystemProfileValueSource] for class [com.my_board_project.springboot.domain.posts.PostsRepositoryTest]
22:47:16.535 [Test worker] DEBUG org.springframework.test.annotation.ProfileValueUtils - Retrieved @ProfileValueSourceConfiguration [null] for test class [com.my_board_project.springboot.domain.posts.PostsRepositoryTest]
22:47:16.535 [Test worker] DEBUG org.springframework.test.annotation.ProfileValueUtils - Retrieved ProfileValueSource type [class org.springframework.test.annotation.SystemProfileValueSource] for class [com.my_board_project.springboot.domain.posts.PostsRepositoryTest]
22:47:16.535 [Test worker] DEBUG org.springframework.test.annotation.ProfileValueUtils - Retrieved @ProfileValueSourceConfiguration [null] for test class [com.my_board_project.springboot.domain.posts.PostsRepositoryTest]
22:47:16.535 [Test worker] DEBUG org.springframework.test.annotation.ProfileValueUtils - Retrieved ProfileValueSource type [class org.springframework.test.annotation.SystemProfileValueSource] for class [com.my_board_project.springboot.domain.posts.PostsRepositoryTest]
22:47:16.539 [Test worker] DEBUG org.springframework.test.context.support.AbstractDirtiesContextTestExecutionListener - Before test class: context [DefaultTestContext@b92a951 testClass = PostsRepositoryTest, testInstance = [null], testMethod = [null], testException = [null], mergedContextConfiguration = [WebMergedContextConfiguration@284e7f9f testClass = PostsRepositoryTest, locations = '{}', classes = '{class com.my_board_project.springboot.Application}', contextInitializerClasses = '[]', activeProfiles = '{}', propertySourceLocations = '{}', propertySourceProperties = '{org.springframework.boot.test.context.SpringBootTestContextBootstrapper=true}', contextCustomizers = set[org.springframework.boot.test.autoconfigure.properties.PropertyMappingContextCustomizer@0, org.springframework.boot.test.autoconfigure.web.servlet.WebDriverContextCustomizerFactory$Customizer@4715fd00, org.springframework.boot.test.context.filter.ExcludeFilterContextCustomizer@773fe349, org.springframework.boot.test.json.DuplicateJsonObjectContextCustomizerFactory$DuplicateJsonObjectContextCustomizer@6dea37f3, org.springframework.boot.test.mock.mockito.MockitoContextCustomizer@0, org.springframework.boot.test.web.client.TestRestTemplateContextCustomizer@7b42249b], resourceBasePath = 'src/main/webapp', contextLoader = 'org.springframework.boot.test.context.SpringBootContextLoader', parent = [null]], attributes = map['org.springframework.test.context.web.ServletTestExecutionListener.activateListener' -> true]], class annotated with @DirtiesContext [false] with mode [null].
22:47:16.539 [Test worker] DEBUG org.springframework.test.annotation.ProfileValueUtils - Retrieved @ProfileValueSourceConfiguration [null] for test class [com.my_board_project.springboot.domain.posts.PostsRepositoryTest]
22:47:16.540 [Test worker] DEBUG org.springframework.test.annotation.ProfileValueUtils - Retrieved ProfileValueSource type [class org.springframework.test.annotation.SystemProfileValueSource] for class [com.my_board_project.springboot.domain.posts.PostsRepositoryTest]
22:47:16.556 [Test worker] DEBUG org.springframework.test.context.support.TestPropertySourceUtils - Adding inlined properties to environment: {spring.jmx.enabled=false, org.springframework.boot.test.context.SpringBootTestContextBootstrapper=true, server.port=-1}

  .   ____          _            __ _ _
 /\\ / ___'_ __ _ _(_)_ __  __ _ \ \ \ \
( ( )\___ | '_ | '_| | '_ \/ _` | \ \ \ \
 \\/  ___)| |_)| | | | | || (_| |  ) ) ) )
  '  |____| .__|_| |_|_| |_\__, | / / / /
 =========|_|==============|___/=/_/_/_/
 :: Spring Boot ::        (v2.1.7.RELEASE)

2022-02-03 22:47:16.769  INFO 10388 --- [    Test worker] c.m.s.domain.posts.PostsRepositoryTest   : Starting PostsRepositoryTest on DESKTOP-FERNCT4 with PID 10388 (started by wrjan in C:\Users\wrjan\IdeaProjects\my_board_project)
2022-02-03 22:47:16.770  INFO 10388 --- [    Test worker] c.m.s.domain.posts.PostsRepositoryTest   : No active profile set, falling back to default profiles: default
2022-02-03 22:47:17.317  INFO 10388 --- [    Test worker] .s.d.r.c.RepositoryConfigurationDelegate : Bootstrapping Spring Data repositories in DEFAULT mode.
2022-02-03 22:47:17.375  INFO 10388 --- [    Test worker] .s.d.r.c.RepositoryConfigurationDelegate : Finished Spring Data repository scanning in 52ms. Found 1 repository interfaces.
2022-02-03 22:47:17.676  INFO 10388 --- [    Test worker] trationDelegate$BeanPostProcessorChecker : Bean 'org.springframework.transaction.annotation.ProxyTransactionManagementConfiguration' of type [org.springframework.transaction.annotation.ProxyTransactionManagementConfiguration$$EnhancerBySpringCGLIB$$5c8bb0ef] is not eligible for getting processed by all BeanPostProcessors (for example: not eligible for auto-proxying)
2022-02-03 22:47:17.848  INFO 10388 --- [    Test worker] com.zaxxer.hikari.HikariDataSource       : HikariPool-1 - Starting...
2022-02-03 22:47:18.009  INFO 10388 --- [    Test worker] com.zaxxer.hikari.HikariDataSource       : HikariPool-1 - Start completed.
2022-02-03 22:47:18.075  INFO 10388 --- [    Test worker] o.hibernate.jpa.internal.util.LogHelper  : HHH000204: Processing PersistenceUnitInfo [
	name: default
	...]
2022-02-03 22:47:18.139  INFO 10388 --- [    Test worker] org.hibernate.Version                    : HHH000412: Hibernate Core {5.3.10.Final}
2022-02-03 22:47:18.140  INFO 10388 --- [    Test worker] org.hibernate.cfg.Environment            : HHH000206: hibernate.properties not found
2022-02-03 22:47:18.345  INFO 10388 --- [    Test worker] o.hibernate.annotations.common.Version   : HCANN000001: Hibernate Commons Annotations {5.0.4.Final}
2022-02-03 22:47:18.572  INFO 10388 --- [    Test worker] org.hibernate.dialect.Dialect            : HHH000400: Using dialect: org.hibernate.dialect.MySQL5InnoDBDialect
2022-02-03 22:47:19.614  INFO 10388 --- [    Test worker] o.h.t.schema.internal.SchemaCreatorImpl  : HHH000476: Executing import script 'org.hibernate.tool.schema.internal.exec.ScriptSourceInputNonExistentImpl@232e6ad'
2022-02-03 22:47:20.027  INFO 10388 --- [    Test worker] j.LocalContainerEntityManagerFactoryBean : Initialized JPA EntityManagerFactory for persistence unit 'default'
2022-02-03 22:47:21.082  INFO 10388 --- [    Test worker] o.s.s.concurrent.ThreadPoolTaskExecutor  : Initializing ExecutorService 'applicationTaskExecutor'
2022-02-03 22:47:21.128  WARN 10388 --- [    Test worker] aWebConfiguration$JpaWebMvcConfiguration : spring.jpa.open-in-view is enabled by default. Therefore, database queries may be performed during view rendering. Explicitly configure spring.jpa.open-in-view to disable this warning
2022-02-03 22:47:21.166  INFO 10388 --- [    Test worker] o.s.b.a.w.s.WelcomePageHandlerMapping    : Adding welcome page template: index
2022-02-03 22:47:21.455  INFO 10388 --- [    Test worker] c.m.s.domain.posts.PostsRepositoryTest   : Started PostsRepositoryTest in 4.863 seconds (JVM running for 5.748)
2022-02-03 22:47:22.141  INFO 10388 --- [    Test worker] o.h.h.i.QueryTranslatorFactoryInitiator  : HHH000397: Using ASTQueryTranslatorFactory
>>>>>>>>> createDate=2022-02-03T22:47:21.958, modifiedDate=2022-02-03T22:47:21.958
]]></system-out>
  <system-err><![CDATA[]]></system-err>
</testsuite>
