<?xml version="1.0" encoding="UTF-8"?>
<testsuite name="com.my_board_project.springboot.web.PostsApiControllerTest" tests="2" skipped="0" failures="0" errors="0" timestamp="2022-02-05T06:59:30" hostname="DESKTOP-FERNCT4" time="0.418">
  <properties/>
  <testcase name="Posts_등록된다" classname="com.my_board_project.springboot.web.PostsApiControllerTest" time="0.39"/>
  <testcase name="Posts_수정된다" classname="com.my_board_project.springboot.web.PostsApiControllerTest" time="0.027"/>
  <system-out><![CDATA[15:59:24.939 [Test worker] DEBUG org.springframework.test.context.junit4.SpringJUnit4ClassRunner - SpringJUnit4ClassRunner constructor called with [class com.my_board_project.springboot.web.PostsApiControllerTest]
15:59:24.946 [Test worker] DEBUG org.springframework.test.context.BootstrapUtils - Instantiating CacheAwareContextLoaderDelegate from class [org.springframework.test.context.cache.DefaultCacheAwareContextLoaderDelegate]
15:59:24.954 [Test worker] DEBUG org.springframework.test.context.BootstrapUtils - Instantiating BootstrapContext using constructor [public org.springframework.test.context.support.DefaultBootstrapContext(java.lang.Class,org.springframework.test.context.CacheAwareContextLoaderDelegate)]
15:59:24.968 [Test worker] DEBUG org.springframework.test.context.BootstrapUtils - Instantiating TestContextBootstrapper for test class [com.my_board_project.springboot.web.PostsApiControllerTest] from class [org.springframework.boot.test.context.SpringBootTestContextBootstrapper]
15:59:24.977 [Test worker] INFO org.springframework.boot.test.context.SpringBootTestContextBootstrapper - Neither @ContextConfiguration nor @ContextHierarchy found for test class [com.my_board_project.springboot.web.PostsApiControllerTest], using SpringBootContextLoader
15:59:24.980 [Test worker] DEBUG org.springframework.test.context.support.AbstractContextLoader - Did not detect default resource location for test class [com.my_board_project.springboot.web.PostsApiControllerTest]: class path resource [com/my_board_project/springboot/web/PostsApiControllerTest-context.xml] does not exist
15:59:24.981 [Test worker] DEBUG org.springframework.test.context.support.AbstractContextLoader - Did not detect default resource location for test class [com.my_board_project.springboot.web.PostsApiControllerTest]: class path resource [com/my_board_project/springboot/web/PostsApiControllerTestContext.groovy] does not exist
15:59:24.981 [Test worker] INFO org.springframework.test.context.support.AbstractContextLoader - Could not detect default resource locations for test class [com.my_board_project.springboot.web.PostsApiControllerTest]: no resource found for suffixes {-context.xml, Context.groovy}.
15:59:24.982 [Test worker] INFO org.springframework.test.context.support.AnnotationConfigContextLoaderUtils - Could not detect default configuration classes for test class [com.my_board_project.springboot.web.PostsApiControllerTest]: PostsApiControllerTest does not declare any static, non-private, non-final, nested classes annotated with @Configuration.
15:59:25.014 [Test worker] DEBUG org.springframework.test.context.support.ActiveProfilesUtils - Could not find an 'annotation declaring class' for annotation type [org.springframework.test.context.ActiveProfiles] and class [com.my_board_project.springboot.web.PostsApiControllerTest]
15:59:25.086 [Test worker] DEBUG org.springframework.context.annotation.ClassPathScanningCandidateComponentProvider - Identified candidate component class: file [C:\Users\wrjan\IdeaProjects\my_board_project\build\classes\java\main\com\my_board_project\springboot\Application.class]
15:59:25.087 [Test worker] INFO org.springframework.boot.test.context.SpringBootTestContextBootstrapper - Found @SpringBootConfiguration com.my_board_project.springboot.Application for test class com.my_board_project.springboot.web.PostsApiControllerTest
15:59:25.167 [Test worker] DEBUG org.springframework.boot.test.context.SpringBootTestContextBootstrapper - @TestExecutionListeners is not present for class [com.my_board_project.springboot.web.PostsApiControllerTest]: using defaults.
15:59:25.167 [Test worker] INFO org.springframework.boot.test.context.SpringBootTestContextBootstrapper - Loaded default TestExecutionListener class names from location [META-INF/spring.factories]: [org.springframework.security.test.context.support.WithSecurityContextTestExecutionListener, org.springframework.security.test.context.support.ReactorContextTestExecutionListener, org.springframework.boot.test.autoconfigure.restdocs.RestDocsTestExecutionListener, org.springframework.boot.test.autoconfigure.web.client.MockRestServiceServerResetTestExecutionListener, org.springframework.boot.test.autoconfigure.web.servlet.MockMvcPrintOnlyOnFailureTestExecutionListener, org.springframework.boot.test.autoconfigure.web.servlet.WebDriverTestExecutionListener, org.springframework.boot.test.mock.mockito.MockitoTestExecutionListener, org.springframework.boot.test.mock.mockito.ResetMocksTestExecutionListener, org.springframework.test.context.web.ServletTestExecutionListener, org.springframework.test.context.support.DirtiesContextBeforeModesTestExecutionListener, org.springframework.test.context.support.DependencyInjectionTestExecutionListener, org.springframework.test.context.support.DirtiesContextTestExecutionListener, org.springframework.test.context.transaction.TransactionalTestExecutionListener, org.springframework.test.context.jdbc.SqlScriptsTestExecutionListener]
15:59:25.190 [Test worker] INFO org.springframework.boot.test.context.SpringBootTestContextBootstrapper - Using TestExecutionListeners: [org.springframework.test.context.web.ServletTestExecutionListener@4cc8357d, org.springframework.test.context.support.DirtiesContextBeforeModesTestExecutionListener@4bec1481, org.springframework.boot.test.mock.mockito.MockitoTestExecutionListener@6a1a7fd8, org.springframework.boot.test.autoconfigure.SpringBootDependencyInjectionTestExecutionListener@77fc26b6, org.springframework.test.context.support.DirtiesContextTestExecutionListener@7a1286e9, org.springframework.test.context.transaction.TransactionalTestExecutionListener@51f1dd36, org.springframework.test.context.jdbc.SqlScriptsTestExecutionListener@68ac9c6f, org.springframework.security.test.context.support.WithSecurityContextTestExecutionListener@7e73ce5a, org.springframework.security.test.context.support.ReactorContextTestExecutionListener@10b82ab3, org.springframework.boot.test.autoconfigure.restdocs.RestDocsTestExecutionListener@4fff4dff, org.springframework.boot.test.autoconfigure.web.client.MockRestServiceServerResetTestExecutionListener@43bcff8b, org.springframework.boot.test.autoconfigure.web.servlet.MockMvcPrintOnlyOnFailureTestExecutionListener@235df8b8, org.springframework.boot.test.autoconfigure.web.servlet.WebDriverTestExecutionListener@72e1a3d2, org.springframework.boot.test.mock.mockito.ResetMocksTestExecutionListener@474488c4]
15:59:25.193 [Test worker] DEBUG org.springframework.test.annotation.ProfileValueUtils - Retrieved @ProfileValueSourceConfiguration [null] for test class [com.my_board_project.springboot.web.PostsApiControllerTest]
15:59:25.193 [Test worker] DEBUG org.springframework.test.annotation.ProfileValueUtils - Retrieved ProfileValueSource type [class org.springframework.test.annotation.SystemProfileValueSource] for class [com.my_board_project.springboot.web.PostsApiControllerTest]
15:59:25.194 [Test worker] DEBUG org.springframework.test.annotation.ProfileValueUtils - Retrieved @ProfileValueSourceConfiguration [null] for test class [com.my_board_project.springboot.web.PostsApiControllerTest]
15:59:25.194 [Test worker] DEBUG org.springframework.test.annotation.ProfileValueUtils - Retrieved ProfileValueSource type [class org.springframework.test.annotation.SystemProfileValueSource] for class [com.my_board_project.springboot.web.PostsApiControllerTest]
15:59:25.195 [Test worker] DEBUG org.springframework.test.annotation.ProfileValueUtils - Retrieved @ProfileValueSourceConfiguration [null] for test class [com.my_board_project.springboot.web.PostsApiControllerTest]
15:59:25.195 [Test worker] DEBUG org.springframework.test.annotation.ProfileValueUtils - Retrieved ProfileValueSource type [class org.springframework.test.annotation.SystemProfileValueSource] for class [com.my_board_project.springboot.web.PostsApiControllerTest]
15:59:25.198 [Test worker] DEBUG org.springframework.test.context.support.AbstractDirtiesContextTestExecutionListener - Before test class: context [DefaultTestContext@4300b73e testClass = PostsApiControllerTest, testInstance = [null], testMethod = [null], testException = [null], mergedContextConfiguration = [WebMergedContextConfiguration@5d5d81bd testClass = PostsApiControllerTest, locations = '{}', classes = '{class com.my_board_project.springboot.Application}', contextInitializerClasses = '[]', activeProfiles = '{}', propertySourceLocations = '{}', propertySourceProperties = '{org.springframework.boot.test.context.SpringBootTestContextBootstrapper=true, server.port=0}', contextCustomizers = set[org.springframework.boot.test.autoconfigure.properties.PropertyMappingContextCustomizer@0, org.springframework.boot.test.autoconfigure.web.servlet.WebDriverContextCustomizerFactory$Customizer@2c1bd971, org.springframework.boot.test.context.filter.ExcludeFilterContextCustomizer@107527bd, org.springframework.boot.test.json.DuplicateJsonObjectContextCustomizerFactory$DuplicateJsonObjectContextCustomizer@417a805c, org.springframework.boot.test.mock.mockito.MockitoContextCustomizer@0, org.springframework.boot.test.web.client.TestRestTemplateContextCustomizer@78a5f4c3], resourceBasePath = 'src/main/webapp', contextLoader = 'org.springframework.boot.test.context.SpringBootContextLoader', parent = [null]], attributes = map['org.springframework.test.context.web.ServletTestExecutionListener.activateListener' -> false]], class annotated with @DirtiesContext [false] with mode [null].
15:59:25.198 [Test worker] DEBUG org.springframework.test.annotation.ProfileValueUtils - Retrieved @ProfileValueSourceConfiguration [null] for test class [com.my_board_project.springboot.web.PostsApiControllerTest]
15:59:25.199 [Test worker] DEBUG org.springframework.test.annotation.ProfileValueUtils - Retrieved ProfileValueSource type [class org.springframework.test.annotation.SystemProfileValueSource] for class [com.my_board_project.springboot.web.PostsApiControllerTest]
15:59:25.203 [Test worker] DEBUG org.springframework.test.context.support.DependencyInjectionTestExecutionListener - Performing dependency injection for test context [[DefaultTestContext@4300b73e testClass = PostsApiControllerTest, testInstance = com.my_board_project.springboot.web.PostsApiControllerTest@2111a78f, testMethod = [null], testException = [null], mergedContextConfiguration = [WebMergedContextConfiguration@5d5d81bd testClass = PostsApiControllerTest, locations = '{}', classes = '{class com.my_board_project.springboot.Application}', contextInitializerClasses = '[]', activeProfiles = '{}', propertySourceLocations = '{}', propertySourceProperties = '{org.springframework.boot.test.context.SpringBootTestContextBootstrapper=true, server.port=0}', contextCustomizers = set[org.springframework.boot.test.autoconfigure.properties.PropertyMappingContextCustomizer@0, org.springframework.boot.test.autoconfigure.web.servlet.WebDriverContextCustomizerFactory$Customizer@2c1bd971, org.springframework.boot.test.context.filter.ExcludeFilterContextCustomizer@107527bd, org.springframework.boot.test.json.DuplicateJsonObjectContextCustomizerFactory$DuplicateJsonObjectContextCustomizer@417a805c, org.springframework.boot.test.mock.mockito.MockitoContextCustomizer@0, org.springframework.boot.test.web.client.TestRestTemplateContextCustomizer@78a5f4c3], resourceBasePath = 'src/main/webapp', contextLoader = 'org.springframework.boot.test.context.SpringBootContextLoader', parent = [null]], attributes = map['org.springframework.test.context.web.ServletTestExecutionListener.activateListener' -> false]]].
15:59:25.220 [Test worker] DEBUG org.springframework.test.context.support.TestPropertySourceUtils - Adding inlined properties to environment: {spring.jmx.enabled=false, org.springframework.boot.test.context.SpringBootTestContextBootstrapper=true, server.port=0}

  .   ____          _            __ _ _
 /\\ / ___'_ __ _ _(_)_ __  __ _ \ \ \ \
( ( )\___ | '_ | '_| | '_ \/ _` | \ \ \ \
 \\/  ___)| |_)| | | | | || (_| |  ) ) ) )
  '  |____| .__|_| |_|_| |_\__, | / / / /
 =========|_|==============|___/=/_/_/_/
 :: Spring Boot ::        (v2.1.7.RELEASE)

2022-02-05 15:59:25.416  INFO 2600 --- [    Test worker] c.m.s.web.PostsApiControllerTest         : Starting PostsApiControllerTest on DESKTOP-FERNCT4 with PID 2600 (started by wrjan in C:\Users\wrjan\IdeaProjects\my_board_project)
2022-02-05 15:59:25.417  INFO 2600 --- [    Test worker] c.m.s.web.PostsApiControllerTest         : No active profile set, falling back to default profiles: default
2022-02-05 15:59:26.077  INFO 2600 --- [    Test worker] .s.d.r.c.RepositoryConfigurationDelegate : Bootstrapping Spring Data repositories in DEFAULT mode.
2022-02-05 15:59:26.152  INFO 2600 --- [    Test worker] .s.d.r.c.RepositoryConfigurationDelegate : Finished Spring Data repository scanning in 68ms. Found 2 repository interfaces.
2022-02-05 15:59:26.548  INFO 2600 --- [    Test worker] trationDelegate$BeanPostProcessorChecker : Bean 'org.springframework.transaction.annotation.ProxyTransactionManagementConfiguration' of type [org.springframework.transaction.annotation.ProxyTransactionManagementConfiguration$$EnhancerBySpringCGLIB$$70ca13cb] is not eligible for getting processed by all BeanPostProcessors (for example: not eligible for auto-proxying)
2022-02-05 15:59:26.898  INFO 2600 --- [    Test worker] o.s.b.w.embedded.tomcat.TomcatWebServer  : Tomcat initialized with port(s): 0 (http)
2022-02-05 15:59:26.919  INFO 2600 --- [    Test worker] o.apache.catalina.core.StandardService   : Starting service [Tomcat]
2022-02-05 15:59:26.919  INFO 2600 --- [    Test worker] org.apache.catalina.core.StandardEngine  : Starting Servlet engine: [Apache Tomcat/9.0.22]
2022-02-05 15:59:27.049  INFO 2600 --- [    Test worker] o.a.c.c.C.[Tomcat].[localhost].[/]       : Initializing Spring embedded WebApplicationContext
2022-02-05 15:59:27.049  INFO 2600 --- [    Test worker] o.s.web.context.ContextLoader            : Root WebApplicationContext: initialization completed in 1616 ms
2022-02-05 15:59:27.259  INFO 2600 --- [    Test worker] com.zaxxer.hikari.HikariDataSource       : HikariPool-1 - Starting...
2022-02-05 15:59:27.410  INFO 2600 --- [    Test worker] com.zaxxer.hikari.HikariDataSource       : HikariPool-1 - Start completed.
2022-02-05 15:59:27.495  INFO 2600 --- [    Test worker] o.hibernate.jpa.internal.util.LogHelper  : HHH000204: Processing PersistenceUnitInfo [
	name: default
	...]
2022-02-05 15:59:27.570  INFO 2600 --- [    Test worker] org.hibernate.Version                    : HHH000412: Hibernate Core {5.3.10.Final}
2022-02-05 15:59:27.573  INFO 2600 --- [    Test worker] org.hibernate.cfg.Environment            : HHH000206: hibernate.properties not found
2022-02-05 15:59:27.765  INFO 2600 --- [    Test worker] o.hibernate.annotations.common.Version   : HCANN000001: Hibernate Commons Annotations {5.0.4.Final}
2022-02-05 15:59:27.937  INFO 2600 --- [    Test worker] org.hibernate.dialect.Dialect            : HHH000400: Using dialect: org.hibernate.dialect.MySQL5InnoDBDialect
Hibernate: drop table if exists posts
Hibernate: drop table if exists user
Hibernate: create table posts (id bigint not null auto_increment, created_date datetime, modified_date datetime, author varchar(255), content TEXT not null, title varchar(500) not null, primary key (id)) engine=InnoDB
Hibernate: create table user (id bigint not null auto_increment, created_date datetime, modified_date datetime, email varchar(255) not null, name varchar(255) not null, picture varchar(255), role varchar(255) not null, primary key (id)) engine=InnoDB
2022-02-05 15:59:28.616  INFO 2600 --- [    Test worker] o.h.t.schema.internal.SchemaCreatorImpl  : HHH000476: Executing import script 'org.hibernate.tool.schema.internal.exec.ScriptSourceInputNonExistentImpl@5e1eca9b'
2022-02-05 15:59:28.619  INFO 2600 --- [    Test worker] j.LocalContainerEntityManagerFactoryBean : Initialized JPA EntityManagerFactory for persistence unit 'default'
2022-02-05 15:59:29.334  INFO 2600 --- [    Test worker] o.h.h.i.QueryTranslatorFactoryInitiator  : HHH000397: Using ASTQueryTranslatorFactory
2022-02-05 15:59:29.765  INFO 2600 --- [    Test worker] o.s.s.web.DefaultSecurityFilterChain     : Creating filter chain: any request, [org.springframework.security.web.context.request.async.WebAsyncManagerIntegrationFilter@4caedad0, org.springframework.security.web.context.SecurityContextPersistenceFilter@7deee7b2, org.springframework.security.web.header.HeaderWriterFilter@3bfee82b, org.springframework.security.web.authentication.logout.LogoutFilter@518ac348, org.springframework.security.oauth2.client.web.OAuth2AuthorizationRequestRedirectFilter@3cb57ad7, org.springframework.security.oauth2.client.web.OAuth2LoginAuthenticationFilter@b3e544a, org.springframework.security.web.authentication.ui.DefaultLoginPageGeneratingFilter@68f5ad19, org.springframework.security.web.authentication.ui.DefaultLogoutPageGeneratingFilter@63da0685, org.springframework.security.web.savedrequest.RequestCacheAwareFilter@1ce81072, org.springframework.security.web.servletapi.SecurityContextHolderAwareRequestFilter@62654302, org.springframework.security.web.authentication.AnonymousAuthenticationFilter@32277afd, org.springframework.security.web.session.SessionManagementFilter@286db1c, org.springframework.security.web.access.ExceptionTranslationFilter@260119de, org.springframework.security.web.access.intercept.FilterSecurityInterceptor@570acc14]
2022-02-05 15:59:30.099  INFO 2600 --- [    Test worker] o.s.s.concurrent.ThreadPoolTaskExecutor  : Initializing ExecutorService 'applicationTaskExecutor'
2022-02-05 15:59:30.150  WARN 2600 --- [    Test worker] aWebConfiguration$JpaWebMvcConfiguration : spring.jpa.open-in-view is enabled by default. Therefore, database queries may be performed during view rendering. Explicitly configure spring.jpa.open-in-view to disable this warning
2022-02-05 15:59:30.195  INFO 2600 --- [    Test worker] o.s.b.a.w.s.WelcomePageHandlerMapping    : Adding welcome page template: index
2022-02-05 15:59:30.530  INFO 2600 --- [    Test worker] s.a.ScheduledAnnotationBeanPostProcessor : No TaskScheduler/ScheduledExecutorService bean found for scheduled processing
2022-02-05 15:59:30.553  INFO 2600 --- [    Test worker] o.s.b.w.embedded.tomcat.TomcatWebServer  : Tomcat started on port(s): 55936 (http) with context path ''
2022-02-05 15:59:30.555  INFO 2600 --- [    Test worker] c.m.s.web.PostsApiControllerTest         : Started PostsApiControllerTest in 5.333 seconds (JVM running for 6.425)
2022-02-05 15:59:30.629  INFO 2600 --- [    Test worker] o.a.c.c.C.[Tomcat].[localhost].[/]       : Initializing Spring TestDispatcherServlet ''
2022-02-05 15:59:30.629  INFO 2600 --- [    Test worker] o.s.t.web.servlet.TestDispatcherServlet  : Initializing Servlet ''
2022-02-05 15:59:30.642  INFO 2600 --- [    Test worker] o.s.t.web.servlet.TestDispatcherServlet  : Completed initialization in 12 ms
Hibernate: insert into posts (created_date, modified_date, author, content, title) values (?, ?, ?, ?, ?)
Hibernate: select posts0_.id as id1_0_, posts0_.created_date as created_2_0_, posts0_.modified_date as modified3_0_, posts0_.author as author4_0_, posts0_.content as content5_0_, posts0_.title as title6_0_ from posts posts0_
Hibernate: select posts0_.id as id1_0_, posts0_.created_date as created_2_0_, posts0_.modified_date as modified3_0_, posts0_.author as author4_0_, posts0_.content as content5_0_, posts0_.title as title6_0_ from posts posts0_
Hibernate: delete from posts where id=?
2022-02-05 15:59:30.957  INFO 2600 --- [    Test worker] o.a.c.c.C.[Tomcat].[localhost].[/]       : Initializing Spring TestDispatcherServlet ''
2022-02-05 15:59:30.957  INFO 2600 --- [    Test worker] o.s.t.web.servlet.TestDispatcherServlet  : Initializing Servlet ''
2022-02-05 15:59:30.959  INFO 2600 --- [    Test worker] o.s.t.web.servlet.TestDispatcherServlet  : Completed initialization in 2 ms
Hibernate: insert into posts (created_date, modified_date, author, content, title) values (?, ?, ?, ?, ?)
Hibernate: select posts0_.id as id1_0_0_, posts0_.created_date as created_2_0_0_, posts0_.modified_date as modified3_0_0_, posts0_.author as author4_0_0_, posts0_.content as content5_0_0_, posts0_.title as title6_0_0_ from posts posts0_ where posts0_.id=?
Hibernate: update posts set created_date=?, modified_date=?, author=?, content=?, title=? where id=?
Hibernate: select posts0_.id as id1_0_, posts0_.created_date as created_2_0_, posts0_.modified_date as modified3_0_, posts0_.author as author4_0_, posts0_.content as content5_0_, posts0_.title as title6_0_ from posts posts0_
Hibernate: select posts0_.id as id1_0_, posts0_.created_date as created_2_0_, posts0_.modified_date as modified3_0_, posts0_.author as author4_0_, posts0_.content as content5_0_, posts0_.title as title6_0_ from posts posts0_
Hibernate: delete from posts where id=?
]]></system-out>
  <system-err><![CDATA[]]></system-err>
</testsuite>
